[2023-11-15T15:05:30.694] [ERROR] error - TypeError: Cannot read properties of undefined (reading 'getConnection')
    at ThinkDb.Db (C:\Users\59858\Desktop\think\think-ts-lib\dist\thinkdb.js:48:56)
    at Db (C:\Users\59858\Desktop\think\think-ts-lib\dist\controller.js:177:40)
    at say (C:\Users\59858\Desktop\think\think-ts\app\controller\hello.ts:13:13)
    at C:\Users\59858\Desktop\think\think-ts-lib\dist\router.js:49:50
    at processTicksAndRejections (node:internal/process/task_queues:95:5)
    at async exports.default (C:\Users\59858\Desktop\think\think-ts-lib\dist\error.js:12:9)
[2023-11-15T15:08:54.202] [ERROR] error - TypeError: Cannot read properties of undefined (reading 'getConnection')
    at ThinkDb.Db (C:\Users\59858\Desktop\think\think-ts-lib\dist\thinkdb.js:49:56)
    at Db (C:\Users\59858\Desktop\think\think-ts-lib\dist\controller.js:177:40)
    at say (C:\Users\59858\Desktop\think\think-ts\app\controller\hello.ts:13:13)
    at C:\Users\59858\Desktop\think\think-ts-lib\dist\router.js:49:50
    at processTicksAndRejections (node:internal/process/task_queues:95:5)
    at async exports.default (C:\Users\59858\Desktop\think\think-ts-lib\dist\error.js:12:9)
[2023-11-15T15:12:39.079] [ERROR] error - TypeError: Cannot read properties of undefined (reading 'getConnection')
    at ThinkDb.Db (C:\Users\59858\Desktop\think\think-ts-lib\dist\thinkdb.js:50:56)
    at Db (C:\Users\59858\Desktop\think\think-ts-lib\dist\controller.js:177:40)
    at say (C:\Users\59858\Desktop\think\think-ts\app\controller\hello.ts:13:13)
    at C:\Users\59858\Desktop\think\think-ts-lib\dist\router.js:49:50
    at processTicksAndRejections (node:internal/process/task_queues:95:5)
    at async exports.default (C:\Users\59858\Desktop\think\think-ts-lib\dist\error.js:12:9)
[2023-11-15T15:13:19.071] [ERROR] error - TypeError: Cannot read properties of undefined (reading 'getConnection')
    at ThinkDb.Db (C:\Users\59858\Desktop\think\think-ts-lib\dist\thinkdb.js:50:56)
    at Db (C:\Users\59858\Desktop\think\think-ts-lib\dist\controller.js:177:40)
    at say (C:\Users\59858\Desktop\think\think-ts\app\controller\hello.ts:13:13)
    at C:\Users\59858\Desktop\think\think-ts-lib\dist\router.js:49:50
    at processTicksAndRejections (node:internal/process/task_queues:95:5)
    at async exports.default (C:\Users\59858\Desktop\think\think-ts-lib\dist\error.js:12:9)
[2023-11-15T18:45:45.104] [ERROR] error - Error: getaddrinfo ENOTFOUND 10.100.139.2120
    at PromisePool.execute (C:\Users\59858\Desktop\think\think-ts-lib\node_modules\mysql2\promise.js:374:22)
    at ThinkDb.query (C:\Users\59858\Desktop\think\think-ts-lib\dist\thinkdb.js:101:49)
    at say (C:\Users\59858\Desktop\think\think-ts\app\controller\hello.ts:13:31)
    at C:\Users\59858\Desktop\think\think-ts-lib\dist\router.js:49:50
    at processTicksAndRejections (node:internal/process/task_queues:95:5)
    at async exports.default (C:\Users\59858\Desktop\think\think-ts-lib\dist\error.js:12:9) {
  code: 'ENOTFOUND',
  errno: -3008,
  sql: undefined,
  sqlState: undefined,
  sqlMessage: undefined
}
[2023-11-15T18:49:02.884] [ERROR] error - Error: getaddrinfo ENOTFOUND 10.100.139.2120
    at PromisePool.execute (C:\Users\59858\Desktop\think\think-ts-lib\node_modules\mysql2\promise.js:374:22)
    at ThinkDb.query (C:\Users\59858\Desktop\think\think-ts-lib\dist\thinkdb.js:117:49)
    at say (C:\Users\59858\Desktop\think\think-ts\app\controller\hello.ts:13:31)
    at C:\Users\59858\Desktop\think\think-ts-lib\dist\router.js:49:50
    at processTicksAndRejections (node:internal/process/task_queues:95:5)
    at async exports.default (C:\Users\59858\Desktop\think\think-ts-lib\dist\error.js:12:9) {
  code: 'ENOTFOUND',
  errno: -3008,
  sql: undefined,
  sqlState: undefined,
  sqlMessage: undefined
}
[2023-11-15T18:51:21.982] [ERROR] error - Error: Access denied for user 'worker0'@'10.100.121.107' (using password: YES)
    at PromisePool.execute (C:\Users\59858\Desktop\think\think-ts-lib\node_modules\mysql2\promise.js:374:22)
    at ThinkDb.query (C:\Users\59858\Desktop\think\think-ts-lib\dist\thinkdb.js:101:49)
    at say (C:\Users\59858\Desktop\think\think-ts\app\controller\hello.ts:13:31)
    at C:\Users\59858\Desktop\think\think-ts-lib\dist\router.js:49:50
    at processTicksAndRejections (node:internal/process/task_queues:95:5)
    at async exports.default (C:\Users\59858\Desktop\think\think-ts-lib\dist\error.js:12:9) {
  code: 'ER_ACCESS_DENIED_ERROR',
  errno: 1045,
  sql: undefined,
  sqlState: '28000',
  sqlMessage: "Access denied for user 'worker0'@'10.100.121.107' (using password: YES)"
}
[2023-11-15T18:52:37.133] [ERROR] error - Error: You have an error in your SQL syntax; check the manual that corresponds to your MySQL server version for the right syntax to use near 'selec * from sys_user where id = ?' at line 1
    at PromisePool.execute (C:\Users\59858\Desktop\think\think-ts-lib\node_modules\mysql2\promise.js:374:22)
    at ThinkDb.query (C:\Users\59858\Desktop\think\think-ts-lib\dist\thinkdb.js:101:49)
    at say (C:\Users\59858\Desktop\think\think-ts\app\controller\hello.ts:13:31)
    at C:\Users\59858\Desktop\think\think-ts-lib\dist\router.js:49:50
    at processTicksAndRejections (node:internal/process/task_queues:95:5)
    at async exports.default (C:\Users\59858\Desktop\think\think-ts-lib\dist\error.js:12:9) {
  code: 'ER_PARSE_ERROR',
  errno: 1064,
  sql: 'selec * from sys_user where id = ?',
  sqlState: '42000',
  sqlMessage: "You have an error in your SQL syntax; check the manual that corresponds to your MySQL server version for the right syntax to use near 'selec * from sys_user where id = ?' at line 1"
}
[2023-11-15T18:58:02.681] [ERROR] error - HttpException [Error]
    at ThinkDb.query (C:\Users\59858\Desktop\think\think-ts-lib\dist\thinkdb.js:108:19)
    at processTicksAndRejections (node:internal/process/task_queues:95:5)
    at async say (C:\Users\59858\Desktop\think\think-ts\app\controller\hello.ts:13:20)
    at async C:\Users\59858\Desktop\think\think-ts-lib\dist\router.js:49:34
    at async exports.default (C:\Users\59858\Desktop\think\think-ts-lib\dist\error.js:12:9) {
  msg: Error: You have an error in your SQL syntax; check the manual that corresponds to your MySQL server version for the right syntax to use near 'selec * from sys_user where id = ?' at line 1
      at PromisePool.execute (C:\Users\59858\Desktop\think\think-ts-lib\node_modules\mysql2\promise.js:374:22)
      at ThinkDb.query (C:\Users\59858\Desktop\think\think-ts-lib\dist\thinkdb.js:104:53)
      at say (C:\Users\59858\Desktop\think\think-ts\app\controller\hello.ts:13:31)
      at C:\Users\59858\Desktop\think\think-ts-lib\dist\router.js:49:50
      at processTicksAndRejections (node:internal/process/task_queues:95:5)
      at async exports.default (C:\Users\59858\Desktop\think\think-ts-lib\dist\error.js:12:9) {
    code: 'ER_PARSE_ERROR',
    errno: 1064,
    sql: 'selec * from sys_user where id = ?',
    sqlState: '42000',
    sqlMessage: "You have an error in your SQL syntax; check the manual that corresponds to your MySQL server version for the right syntax to use near 'selec * from sys_user where id = ?' at line 1"
  },
  errorCode: 40000,
  statusCode: 500
}
[2023-11-15T18:59:01.184] [ERROR] error - HttpException [Error]
    at ThinkDb.query (C:\Users\59858\Desktop\think\think-ts-lib\dist\thinkdb.js:108:19)
    at processTicksAndRejections (node:internal/process/task_queues:95:5)
    at async say (C:\Users\59858\Desktop\think\think-ts\app\controller\hello.ts:13:20)
    at async C:\Users\59858\Desktop\think\think-ts-lib\dist\router.js:49:34
    at async exports.default (C:\Users\59858\Desktop\think\think-ts-lib\dist\error.js:12:9) {
  msg: "You have an error in your SQL syntax; check the manual that corresponds to your MySQL server version for the right syntax to use near 'selec * from sys_user where id = ?' at line 1",
  errorCode: 40000,
  statusCode: 500
}
[2023-11-15T19:00:44.141] [ERROR] error - Error: You have an error in your SQL syntax; check the manual that corresponds to your MySQL server version for the right syntax to use near 'selec * from sys_user where id = ?' at line 1
    at PromisePool.execute (C:\Users\59858\Desktop\think\think-ts-lib\node_modules\mysql2\promise.js:374:22)
    at ThinkDb.query (C:\Users\59858\Desktop\think\think-ts-lib\dist\thinkdb.js:101:49)
    at say (C:\Users\59858\Desktop\think\think-ts\app\controller\hello.ts:13:31)
    at C:\Users\59858\Desktop\think\think-ts-lib\dist\router.js:49:50
    at processTicksAndRejections (node:internal/process/task_queues:95:5)
    at async exports.default (C:\Users\59858\Desktop\think\think-ts-lib\dist\error.js:12:9) {
  code: 'ER_PARSE_ERROR',
  errno: 1064,
  sql: 'selec * from sys_user where id = ?',
  sqlState: '42000',
  sqlMessage: "You have an error in your SQL syntax; check the manual that corresponds to your MySQL server version for the right syntax to use near 'selec * from sys_user where id = ?' at line 1"
}
[2023-11-15T19:02:17.347] [ERROR] error - Error: You have an error in your SQL syntax; check the manual that corresponds to your MySQL server version for the right syntax to use near 'selec * from sys_user where id = ?' at line 1
    at PromisePool.execute (C:\Users\59858\Desktop\think\think-ts-lib\node_modules\mysql2\promise.js:374:22)
    at ThinkDb.query (C:\Users\59858\Desktop\think\think-ts-lib\dist\thinkdb.js:101:49)
    at say (C:\Users\59858\Desktop\think\think-ts\app\controller\hello.ts:13:31)
    at C:\Users\59858\Desktop\think\think-ts-lib\dist\router.js:49:50
    at processTicksAndRejections (node:internal/process/task_queues:95:5)
    at async exports.default (C:\Users\59858\Desktop\think\think-ts-lib\dist\error.js:12:9) {
  code: 'ER_PARSE_ERROR',
  errno: 1064,
  sql: 'selec * from sys_user where id = ?',
  sqlState: '42000',
  sqlMessage: "You have an error in your SQL syntax; check the manual that corresponds to your MySQL server version for the right syntax to use near 'selec * from sys_user where id = ?' at line 1"
}
[2023-11-15T20:30:55.543] [ERROR] error - Error: You have an error in your SQL syntax; check the manual that corresponds to your MySQL server version for the right syntax to use near 'WHERE id = NULL' at line 1
    at PromisePool.execute (C:\Users\59858\Desktop\think\think-ts-lib\node_modules\mysql2\promise.js:374:22)
    at ThinkDb.select (C:\Users\59858\Desktop\think\think-ts-lib\dist\thinkdb.js:158:49)
    at say (C:\Users\59858\Desktop\think\think-ts\app\controller\hello.ts:13:46)
    at C:\Users\59858\Desktop\think\think-ts-lib\dist\router.js:49:50
    at processTicksAndRejections (node:internal/process/task_queues:95:5)
    at async exports.default (C:\Users\59858\Desktop\think\think-ts-lib\dist\error.js:12:9) {
  code: 'ER_PARSE_ERROR',
  errno: 1064,
  sql: 'SELECT * FROM  WHERE id = NULL ',
  sqlState: '42000',
  sqlMessage: "You have an error in your SQL syntax; check the manual that corresponds to your MySQL server version for the right syntax to use near 'WHERE id = NULL' at line 1"
}
[2023-11-15T20:31:54.897] [ERROR] error - Error: You have an error in your SQL syntax; check the manual that corresponds to your MySQL server version for the right syntax to use near 'WHERE id = NULL' at line 1
    at PromisePool.execute (C:\Users\59858\Desktop\think\think-ts-lib\node_modules\mysql2\promise.js:374:22)
    at ThinkDb.select (C:\Users\59858\Desktop\think\think-ts-lib\dist\thinkdb.js:158:49)
    at say (C:\Users\59858\Desktop\think\think-ts\app\controller\hello.ts:13:46)
    at C:\Users\59858\Desktop\think\think-ts-lib\dist\router.js:49:50
    at processTicksAndRejections (node:internal/process/task_queues:95:5)
    at async exports.default (C:\Users\59858\Desktop\think\think-ts-lib\dist\error.js:12:9) {
  code: 'ER_PARSE_ERROR',
  errno: 1064,
  sql: 'SELECT * FROM  WHERE id = NULL ',
  sqlState: '42000',
  sqlMessage: "You have an error in your SQL syntax; check the manual that corresponds to your MySQL server version for the right syntax to use near 'WHERE id = NULL' at line 1"
}
